<?xml version="1.0" encoding="UTF-8"?>
<testsuite xmlns:xsi="http://www.w3.org/2001/XMLSchema-instance" xsi:noNamespaceSchemaLocation="https://maven.apache.org/surefire/maven-surefire-plugin/xsd/surefire-test-report-3.0.xsd" version="3.0" name="com.challenge.uala.TweetControllerTest.TweetControllerTest" time="2.776" tests="4" errors="0" skipped="0" failures="0">
  <properties>
[...]
</properties>
  <testcase name="testPostTweet" classname="com.challenge.uala.TweetControllerTest.TweetControllerTest" time="2.62"/>
  <testcase name="testGetTimeline_UserNotFound" classname="com.challenge.uala.TweetControllerTest.TweetControllerTest" time="0.005"/>
  <testcase name="testGetTimeline" classname="com.challenge.uala.TweetControllerTest.TweetControllerTest" time="0.007"/>
  <testcase name="testPostTweet_UserNotFound" classname="com.challenge.uala.TweetControllerTest.TweetControllerTest" time="0.003"/>
</testsuite>