<?xml version="1.0" encoding="UTF-8"?>
<testsuite xmlns:xsi="http://www.w3.org/2001/XMLSchema-instance" xsi:noNamespaceSchemaLocation="https://maven.apache.org/surefire/maven-surefire-plugin/xsd/surefire-test-report-3.0.xsd" version="3.0" name="com.challenge.uala.UalaApplicationTests" time="15.235" tests="1" errors="0" skipped="0" failures="0">
  <properties>
[...]
</properties>
  <testcase name="contextLoads" classname="com.challenge.uala.UalaApplicationTests" time="0.032">
    <system-out><![CDATA[01:17:46.168 [main] INFO org.springframework.test.context.support.AnnotationConfigContextLoaderUtils -- Could not detect default configuration classes for test class [com.challenge.uala.UalaApplicationTests]: UalaApplicationTests does not declare any static, non-private, non-final, nested classes annotated with @Configuration.
01:17:46.491 [main] INFO org.springframework.boot.test.context.SpringBootTestContextBootstrapper -- Found @SpringBootConfiguration com.challenge.uala.UalaApplication for test class com.challenge.uala.UalaApplicationTests

  .   ____          _            __ _ _
 /\\ / ___'_ __ _ _(_)_ __  __ _ \ \ \ \
( ( )\___ | '_ | '_| | '_ \/ _` | \ \ \ \
 \\/  ___)| |_)| | | | | || (_| |  ) ) ) )
  '  |____| .__|_| |_|_| |_\__, | / / / /
 =========|_|==============|___/=/_/_/_/

 :: Spring Boot ::                (v3.3.1)

2024-06-27T01:17:47.795-03:00  INFO 20499 --- [           main] c.challenge.uala.UalaApplicationTests    : Starting UalaApplicationTests using Java 17.0.11 with PID 20499 (started by admin3 in /home/admin3/Descargas/uala/ualachallenge)
2024-06-27T01:17:47.804-03:00  INFO 20499 --- [           main] c.challenge.uala.UalaApplicationTests    : No active profile set, falling back to 1 default profile: "default"
2024-06-27T01:17:50.029-03:00  INFO 20499 --- [           main] .s.d.r.c.RepositoryConfigurationDelegate : Bootstrapping Spring Data JPA repositories in DEFAULT mode.
2024-06-27T01:17:50.147-03:00  INFO 20499 --- [           main] .s.d.r.c.RepositoryConfigurationDelegate : Finished Spring Data repository scanning in 102 ms. Found 2 JPA repository interfaces.
2024-06-27T01:17:51.251-03:00  INFO 20499 --- [           main] o.hibernate.jpa.internal.util.LogHelper  : HHH000204: Processing PersistenceUnitInfo [name: default]
2024-06-27T01:17:51.424-03:00  INFO 20499 --- [           main] org.hibernate.Version                    : HHH000412: Hibernate ORM core version 6.5.2.Final
2024-06-27T01:17:51.520-03:00  INFO 20499 --- [           main] o.h.c.internal.RegionFactoryInitiator    : HHH000026: Second-level cache disabled
2024-06-27T01:17:52.017-03:00  INFO 20499 --- [           main] o.s.o.j.p.SpringPersistenceUnitInfo      : No LoadTimeWeaver setup: ignoring JPA class transformer
2024-06-27T01:17:52.111-03:00  INFO 20499 --- [           main] com.zaxxer.hikari.HikariDataSource       : HikariPool-1 - Starting...
2024-06-27T01:17:52.911-03:00  INFO 20499 --- [           main] com.zaxxer.hikari.pool.HikariPool        : HikariPool-1 - Added connection conn0: url=jdbc:h2:mem:testdb user=SA
2024-06-27T01:17:52.915-03:00  INFO 20499 --- [           main] com.zaxxer.hikari.HikariDataSource       : HikariPool-1 - Start completed.
2024-06-27T01:17:52.988-03:00  WARN 20499 --- [           main] org.hibernate.orm.deprecation            : HHH90000025: H2Dialect does not need to be specified explicitly using 'hibernate.dialect' (remove the property setting and it will be selected by default)
2024-06-27T01:17:55.603-03:00  INFO 20499 --- [           main] o.h.e.t.j.p.i.JtaPlatformInitiator       : HHH000489: No JTA platform available (set 'hibernate.transaction.jta.platform' to enable JTA platform integration)
2024-06-27T01:17:55.779-03:00 DEBUG 20499 --- [           main] org.hibernate.SQL                        : create table tbl_user (id bigint generated by default as identity, username varchar(255) not null, primary key (id))
2024-06-27T01:17:55.808-03:00 DEBUG 20499 --- [           main] org.hibernate.SQL                        : create table tweets (id bigint generated by default as identity, content varchar(255) not null, created_at timestamp(6), user_id bigint not null, primary key (id))
2024-06-27T01:17:55.812-03:00 DEBUG 20499 --- [           main] org.hibernate.SQL                        : create table user_followers (user_id bigint not null, follower_id bigint not null, primary key (user_id, follower_id))
2024-06-27T01:17:55.817-03:00 DEBUG 20499 --- [           main] org.hibernate.SQL                        : create index idx_username on tbl_user (username)
2024-06-27T01:17:55.822-03:00 DEBUG 20499 --- [           main] org.hibernate.SQL                        : alter table if exists tweets add constraint FKjieas40ejcfts070knpcppgxd foreign key (user_id) references tbl_user
2024-06-27T01:17:55.837-03:00 DEBUG 20499 --- [           main] org.hibernate.SQL                        : alter table if exists user_followers add constraint FKe6ywxykkaxeulrkh3jbtw7gt5 foreign key (follower_id) references tbl_user
2024-06-27T01:17:55.844-03:00 DEBUG 20499 --- [           main] org.hibernate.SQL                        : alter table if exists user_followers add constraint FKhnlle4bnj0m3qglmd4pyokx2k foreign key (user_id) references tbl_user
2024-06-27T01:17:55.853-03:00  INFO 20499 --- [           main] j.LocalContainerEntityManagerFactoryBean : Initialized JPA EntityManagerFactory for persistence unit 'default'
2024-06-27T01:17:56.751-03:00  INFO 20499 --- [           main] o.s.d.j.r.query.QueryEnhancerFactory     : Hibernate is in classpath; If applicable, HQL parser will be used.
2024-06-27T01:17:58.706-03:00  WARN 20499 --- [           main] JpaBaseConfiguration$JpaWebConfiguration : spring.jpa.open-in-view is enabled by default. Therefore, database queries may be performed during view rendering. Explicitly configure spring.jpa.open-in-view to disable this warning
2024-06-27T01:17:58.754-03:00  INFO 20499 --- [           main] o.s.b.a.h2.H2ConsoleAutoConfiguration    : H2 console available at '/h2-console'. Database available at 'jdbc:h2:mem:testdb'
2024-06-27T01:18:01.005-03:00  INFO 20499 --- [           main] c.challenge.uala.UalaApplicationTests    : Started UalaApplicationTests in 14.006 seconds (process running for 19.355)
]]></system-out>
  </testcase>
</testsuite>